[debug] [2025-03-10T03:05:31.983Z] ----------------------------------------------------------------------
[debug] [2025-03-10T03:05:31.987Z] Command:       C:\Program Files\nodejs\node.exe C:\Users\Mi laptop\AppData\Roaming\npm\node_modules\firebase-tools\lib\bin\firebase.js login
[debug] [2025-03-10T03:05:31.987Z] CLI Version:   13.33.0
[debug] [2025-03-10T03:05:31.988Z] Platform:      win32
[debug] [2025-03-10T03:05:31.988Z] Node Version:  v20.9.0
[debug] [2025-03-10T03:05:31.988Z] Time:          Mon Mar 10 2025 08:35:31 GMT+0530 (India Standard Time)
[debug] [2025-03-10T03:05:31.988Z] ----------------------------------------------------------------------
[debug] 
[debug] [2025-03-10T03:05:32.257Z] Field "/firestore/indexes" in "firebase.json" is possibly invalid: must be string
[debug] [2025-03-10T03:05:32.258Z] Field "/firestore" in "firebase.json" is possibly invalid: must be array
[debug] [2025-03-10T03:05:32.258Z] Field "/firestore" in "firebase.json" is possibly invalid: must match a schema in anyOf
[info] i  Firebase optionally collects CLI and Emulator Suite usage and error reporting information to help improve our products. Data is collected in accordance with Google's privacy policy (https://policies.google.com/privacy) and is not used to identify you.
 
[debug] [2025-03-10T03:11:16.191Z] ----------------------------------------------------------------------
[debug] [2025-03-10T03:11:16.194Z] Command:       C:\Program Files\nodejs\node.exe C:\Users\Mi laptop\AppData\Roaming\npm\node_modules\firebase-tools\lib\bin\firebase.js login
[debug] [2025-03-10T03:11:16.195Z] CLI Version:   13.33.0
[debug] [2025-03-10T03:11:16.195Z] Platform:      win32
[debug] [2025-03-10T03:11:16.195Z] Node Version:  v20.9.0
[debug] [2025-03-10T03:11:16.195Z] Time:          Mon Mar 10 2025 08:41:16 GMT+0530 (India Standard Time)
[debug] [2025-03-10T03:11:16.195Z] ----------------------------------------------------------------------
[debug] 
[debug] [2025-03-10T03:11:16.456Z] Field "/firestore/indexes" in "firebase.json" is possibly invalid: must be string
[debug] [2025-03-10T03:11:16.457Z] Field "/firestore" in "firebase.json" is possibly invalid: must be array
[debug] [2025-03-10T03:11:16.457Z] Field "/firestore" in "firebase.json" is possibly invalid: must match a schema in anyOf
[info] i  Firebase optionally collects CLI and Emulator Suite usage and error reporting information to help improve our products. Data is collected in accordance with Google's privacy policy (https://policies.google.com/privacy) and is not used to identify you.
 
